<?xml version="1.0" encoding="UTF-8" standalone="no"?><testsuite errors="0" failures="0" name="iniciar sesion en la aplicacion de saucedemo" skipped="0" tests="5" time="23.0" timestamp="2023-01-11 12:54:56"><testcase name="ingresar a la aplicacion con credenciales"/><testcase name="Filtrar los productos por orden de precio"/><testcase name="Filtrar los productos por orden alfabetica"/><testcase name="Agregar item al carrito de comprar y eliminarlo"/><testcase name="Comprar los productos"/></testsuite>